This is pdfTeX, Version 3.1415926-2.4-1.40.13 (MiKTeX 2.9) (preloaded format=pdflatex 2013.9.23)  16 MAR 2018 12:48
entering extended mode
**C:/Users/Yannick/Nextcloud/Hec/Master/Memoire/Sujet/V6/sujet.tex
(C:/Users/Yannick/Nextcloud/Hec/Master/Memoire/Sujet/V6/sujet.tex
LaTeX2e <2011/06/27>
Babel <v3.8m> and hyphenation patterns for english, afrikaans, ancientgreek, ar
abic, armenian, assamese, basque, bengali, bokmal, bulgarian, catalan, coptic, 
croatian, czech, danish, dutch, esperanto, estonian, farsi, finnish, french, ga
lician, german, german-x-2012-05-30, greek, gujarati, hindi, hungarian, iceland
ic, indonesian, interlingua, irish, italian, kannada, kurmanji, latin, latvian,
 lithuanian, malayalam, marathi, mongolian, mongolianlmc, monogreek, ngerman, n
german-x-2012-05-30, nynorsk, oriya, panjabi, pinyin, polish, portuguese, roman
ian, russian, sanskrit, serbian, slovak, slovenian, spanish, swedish, swissgerm
an, tamil, telugu, turkish, turkmen, ukenglish, ukrainian, uppersorbian, usengl
ishmax, welsh, loaded.
("C:\Program Files (x86)\MiKTeX 2.9\tex\latex\base\article.cls"
Document Class: article 2007/10/19 v1.4h Standard LaTeX document class
("C:\Program Files (x86)\MiKTeX 2.9\tex\latex\base\size10.clo"
File: size10.clo 2007/10/19 v1.4h Standard LaTeX file (size option)
)
\c@part=\count79
\c@section=\count80
\c@subsection=\count81
\c@subsubsection=\count82
\c@paragraph=\count83
\c@subparagraph=\count84
\c@figure=\count85
\c@table=\count86
\abovecaptionskip=\skip41
\belowcaptionskip=\skip42
\bibindent=\dimen102
)
("C:\Program Files (x86)\MiKTeX 2.9\tex\latex\fancyhdr\fancyhdr.sty"
\fancy@headwidth=\skip43
\f@ncyO@elh=\skip44
\f@ncyO@erh=\skip45
\f@ncyO@olh=\skip46
\f@ncyO@orh=\skip47
\f@ncyO@elf=\skip48
\f@ncyO@erf=\skip49
\f@ncyO@olf=\skip50
\f@ncyO@orf=\skip51
)
("C:\Program Files (x86)\MiKTeX 2.9\tex\latex\lastpage\lastpage.sty"

LaTeX Warning: You have requested release `2014/05/01' of LaTeX,
               but only release `2011/06/27' is available.

Package: lastpage 2015/03/29 v1.2m Refers to last page's name (HMM; JPG)
) ("C:\Program Files (x86)\MiKTeX 2.9\tex\latex\fancyhdr\extramarks.sty"
\@temptokenb=\toks14
)
("C:\Program Files (x86)\MiKTeX 2.9\tex\latex\graphics\graphicx.sty"
Package: graphicx 1999/02/16 v1.0f Enhanced LaTeX Graphics (DPC,SPQR)

("C:\Program Files (x86)\MiKTeX 2.9\tex\latex\graphics\keyval.sty"
Package: keyval 1999/03/16 v1.13 key=value parser (DPC)
\KV@toks@=\toks15
)
("C:\Program Files (x86)\MiKTeX 2.9\tex\latex\graphics\graphics.sty"
Package: graphics 2009/02/05 v1.0o Standard LaTeX Graphics (DPC,SPQR)

("C:\Program Files (x86)\MiKTeX 2.9\tex\latex\graphics\trig.sty"
Package: trig 1999/03/16 v1.09 sin cos tan (DPC)
)
("C:\Program Files (x86)\MiKTeX 2.9\tex\latex\00miktex\graphics.cfg"
File: graphics.cfg 2007/01/18 v1.5 graphics configuration of teTeX/TeXLive
)
Package graphics Info: Driver file: pdftex.def on input line 91.

("C:\Program Files (x86)\MiKTeX 2.9\tex\latex\pdftex-def\pdftex.def"
File: pdftex.def 2011/05/27 v0.06d Graphics/color for pdfTeX

("C:\Program Files (x86)\MiKTeX 2.9\tex\generic\oberdiek\infwarerr.sty"
Package: infwarerr 2010/04/08 v1.3 Providing info/warning/error messages (HO)
)
("C:\Program Files (x86)\MiKTeX 2.9\tex\generic\oberdiek\ltxcmds.sty"
Package: ltxcmds 2011/11/09 v1.22 LaTeX kernel commands for general use (HO)
)
\Gread@gobject=\count87
))
\Gin@req@height=\dimen103
\Gin@req@width=\dimen104
)
("C:\Program Files (x86)\MiKTeX 2.9\tex\latex\lipsum\lipsum.sty"
Package: lipsum 2014/07/27 v1.3 150 paragraphs of Lorem Ipsum dummy text
\c@lips@count=\count88
)
("C:\Program Files (x86)\MiKTeX 2.9\tex\latex\tocbibind\tocbibind.sty"
Package: tocbibind 2010/10/13 v1.5k extra ToC listings
Package tocbibind Info: The document has section divisions on input line 50.


Package tocbibind Note: Using section or other style headings.

) ("C:\Program Files (x86)\MiKTeX 2.9\tex\latex\base\inputenc.sty"
Package: inputenc 2008/03/30 v1.1d Input encoding file
\inpenc@prehook=\toks16
\inpenc@posthook=\toks17

("C:\Program Files (x86)\MiKTeX 2.9\tex\latex\base\utf8.def"
File: utf8.def 2008/04/05 v1.1m UTF-8 support for inputenc
Now handling font encoding OML ...
... no UTF-8 mapping file for font encoding OML
Now handling font encoding T1 ...
... processing UTF-8 mapping file for font encoding T1

("C:\Program Files (x86)\MiKTeX 2.9\tex\latex\base\t1enc.dfu"
File: t1enc.dfu 2008/04/05 v1.1m UTF-8 support for inputenc
   defining Unicode char U+00A1 (decimal 161)
   defining Unicode char U+00A3 (decimal 163)
   defining Unicode char U+00AB (decimal 171)
   defining Unicode char U+00BB (decimal 187)
   defining Unicode char U+00BF (decimal 191)
   defining Unicode char U+00C0 (decimal 192)
   defining Unicode char U+00C1 (decimal 193)
   defining Unicode char U+00C2 (decimal 194)
   defining Unicode char U+00C3 (decimal 195)
   defining Unicode char U+00C4 (decimal 196)
   defining Unicode char U+00C5 (decimal 197)
   defining Unicode char U+00C6 (decimal 198)
   defining Unicode char U+00C7 (decimal 199)
   defining Unicode char U+00C8 (decimal 200)
   defining Unicode char U+00C9 (decimal 201)
   defining Unicode char U+00CA (decimal 202)
   defining Unicode char U+00CB (decimal 203)
   defining Unicode char U+00CC (decimal 204)
   defining Unicode char U+00CD (decimal 205)
   defining Unicode char U+00CE (decimal 206)
   defining Unicode char U+00CF (decimal 207)
   defining Unicode char U+00D0 (decimal 208)
   defining Unicode char U+00D1 (decimal 209)
   defining Unicode char U+00D2 (decimal 210)
   defining Unicode char U+00D3 (decimal 211)
   defining Unicode char U+00D4 (decimal 212)
   defining Unicode char U+00D5 (decimal 213)
   defining Unicode char U+00D6 (decimal 214)
   defining Unicode char U+00D8 (decimal 216)
   defining Unicode char U+00D9 (decimal 217)
   defining Unicode char U+00DA (decimal 218)
   defining Unicode char U+00DB (decimal 219)
   defining Unicode char U+00DC (decimal 220)
   defining Unicode char U+00DD (decimal 221)
   defining Unicode char U+00DE (decimal 222)
   defining Unicode char U+00DF (decimal 223)
   defining Unicode char U+00E0 (decimal 224)
   defining Unicode char U+00E1 (decimal 225)
   defining Unicode char U+00E2 (decimal 226)
   defining Unicode char U+00E3 (decimal 227)
   defining Unicode char U+00E4 (decimal 228)
   defining Unicode char U+00E5 (decimal 229)
   defining Unicode char U+00E6 (decimal 230)
   defining Unicode char U+00E7 (decimal 231)
   defining Unicode char U+00E8 (decimal 232)
   defining Unicode char U+00E9 (decimal 233)
   defining Unicode char U+00EA (decimal 234)
   defining Unicode char U+00EB (decimal 235)
   defining Unicode char U+00EC (decimal 236)
   defining Unicode char U+00ED (decimal 237)
   defining Unicode char U+00EE (decimal 238)
   defining Unicode char U+00EF (decimal 239)
   defining Unicode char U+00F0 (decimal 240)
   defining Unicode char U+00F1 (decimal 241)
   defining Unicode char U+00F2 (decimal 242)
   defining Unicode char U+00F3 (decimal 243)
   defining Unicode char U+00F4 (decimal 244)
   defining Unicode char U+00F5 (decimal 245)
   defining Unicode char U+00F6 (decimal 246)
   defining Unicode char U+00F8 (decimal 248)
   defining Unicode char U+00F9 (decimal 249)
   defining Unicode char U+00FA (decimal 250)
   defining Unicode char U+00FB (decimal 251)
   defining Unicode char U+00FC (decimal 252)
   defining Unicode char U+00FD (decimal 253)
   defining Unicode char U+00FE (decimal 254)
   defining Unicode char U+00FF (decimal 255)
   defining Unicode char U+0102 (decimal 258)
   defining Unicode char U+0103 (decimal 259)
   defining Unicode char U+0104 (decimal 260)
   defining Unicode char U+0105 (decimal 261)
   defining Unicode char U+0106 (decimal 262)
   defining Unicode char U+0107 (decimal 263)
   defining Unicode char U+010C (decimal 268)
   defining Unicode char U+010D (decimal 269)
   defining Unicode char U+010E (decimal 270)
   defining Unicode char U+010F (decimal 271)
   defining Unicode char U+0110 (decimal 272)
   defining Unicode char U+0111 (decimal 273)
   defining Unicode char U+0118 (decimal 280)
   defining Unicode char U+0119 (decimal 281)
   defining Unicode char U+011A (decimal 282)
   defining Unicode char U+011B (decimal 283)
   defining Unicode char U+011E (decimal 286)
   defining Unicode char U+011F (decimal 287)
   defining Unicode char U+0130 (decimal 304)
   defining Unicode char U+0131 (decimal 305)
   defining Unicode char U+0132 (decimal 306)
   defining Unicode char U+0133 (decimal 307)
   defining Unicode char U+0139 (decimal 313)
   defining Unicode char U+013A (decimal 314)
   defining Unicode char U+013D (decimal 317)
   defining Unicode char U+013E (decimal 318)
   defining Unicode char U+0141 (decimal 321)
   defining Unicode char U+0142 (decimal 322)
   defining Unicode char U+0143 (decimal 323)
   defining Unicode char U+0144 (decimal 324)
   defining Unicode char U+0147 (decimal 327)
   defining Unicode char U+0148 (decimal 328)
   defining Unicode char U+014A (decimal 330)
   defining Unicode char U+014B (decimal 331)
   defining Unicode char U+0150 (decimal 336)
   defining Unicode char U+0151 (decimal 337)
   defining Unicode char U+0152 (decimal 338)
   defining Unicode char U+0153 (decimal 339)
   defining Unicode char U+0154 (decimal 340)
   defining Unicode char U+0155 (decimal 341)
   defining Unicode char U+0158 (decimal 344)
   defining Unicode char U+0159 (decimal 345)
   defining Unicode char U+015A (decimal 346)
   defining Unicode char U+015B (decimal 347)
   defining Unicode char U+015E (decimal 350)
   defining Unicode char U+015F (decimal 351)
   defining Unicode char U+0160 (decimal 352)
   defining Unicode char U+0161 (decimal 353)
   defining Unicode char U+0162 (decimal 354)
   defining Unicode char U+0163 (decimal 355)
   defining Unicode char U+0164 (decimal 356)
   defining Unicode char U+0165 (decimal 357)
   defining Unicode char U+016E (decimal 366)
   defining Unicode char U+016F (decimal 367)
   defining Unicode char U+0170 (decimal 368)
   defining Unicode char U+0171 (decimal 369)
   defining Unicode char U+0178 (decimal 376)
   defining Unicode char U+0179 (decimal 377)
   defining Unicode char U+017A (decimal 378)
   defining Unicode char U+017B (decimal 379)
   defining Unicode char U+017C (decimal 380)
   defining Unicode char U+017D (decimal 381)
   defining Unicode char U+017E (decimal 382)
   defining Unicode char U+200C (decimal 8204)
   defining Unicode char U+2013 (decimal 8211)
   defining Unicode char U+2014 (decimal 8212)
   defining Unicode char U+2018 (decimal 8216)
   defining Unicode char U+2019 (decimal 8217)
   defining Unicode char U+201A (decimal 8218)
   defining Unicode char U+201C (decimal 8220)
   defining Unicode char U+201D (decimal 8221)
   defining Unicode char U+201E (decimal 8222)
   defining Unicode char U+2030 (decimal 8240)
   defining Unicode char U+2031 (decimal 8241)
   defining Unicode char U+2039 (decimal 8249)
   defining Unicode char U+203A (decimal 8250)
   defining Unicode char U+2423 (decimal 9251)
)
Now handling font encoding OT1 ...
... processing UTF-8 mapping file for font encoding OT1

("C:\Program Files (x86)\MiKTeX 2.9\tex\latex\base\ot1enc.dfu"
File: ot1enc.dfu 2008/04/05 v1.1m UTF-8 support for inputenc
   defining Unicode char U+00A1 (decimal 161)
   defining Unicode char U+00A3 (decimal 163)
   defining Unicode char U+00B8 (decimal 184)
   defining Unicode char U+00BF (decimal 191)
   defining Unicode char U+00C5 (decimal 197)
   defining Unicode char U+00C6 (decimal 198)
   defining Unicode char U+00D8 (decimal 216)
   defining Unicode char U+00DF (decimal 223)
   defining Unicode char U+00E6 (decimal 230)
   defining Unicode char U+00EC (decimal 236)
   defining Unicode char U+00ED (decimal 237)
   defining Unicode char U+00EE (decimal 238)
   defining Unicode char U+00EF (decimal 239)
   defining Unicode char U+00F8 (decimal 248)
   defining Unicode char U+0131 (decimal 305)
   defining Unicode char U+0141 (decimal 321)
   defining Unicode char U+0142 (decimal 322)
   defining Unicode char U+0152 (decimal 338)
   defining Unicode char U+0153 (decimal 339)
   defining Unicode char U+2013 (decimal 8211)
   defining Unicode char U+2014 (decimal 8212)
   defining Unicode char U+2018 (decimal 8216)
   defining Unicode char U+2019 (decimal 8217)
   defining Unicode char U+201C (decimal 8220)
   defining Unicode char U+201D (decimal 8221)
)
Now handling font encoding OMS ...
... processing UTF-8 mapping file for font encoding OMS

("C:\Program Files (x86)\MiKTeX 2.9\tex\latex\base\omsenc.dfu"
File: omsenc.dfu 2008/04/05 v1.1m UTF-8 support for inputenc
   defining Unicode char U+00A7 (decimal 167)
   defining Unicode char U+00B6 (decimal 182)
   defining Unicode char U+00B7 (decimal 183)
   defining Unicode char U+2020 (decimal 8224)
   defining Unicode char U+2021 (decimal 8225)
   defining Unicode char U+2022 (decimal 8226)
)
Now handling font encoding OMX ...
... no UTF-8 mapping file for font encoding OMX
Now handling font encoding U ...
... no UTF-8 mapping file for font encoding U
   defining Unicode char U+00A9 (decimal 169)
   defining Unicode char U+00AA (decimal 170)
   defining Unicode char U+00AE (decimal 174)
   defining Unicode char U+00BA (decimal 186)
   defining Unicode char U+02C6 (decimal 710)
   defining Unicode char U+02DC (decimal 732)
   defining Unicode char U+200C (decimal 8204)
   defining Unicode char U+2026 (decimal 8230)
   defining Unicode char U+2122 (decimal 8482)
   defining Unicode char U+2423 (decimal 9251)
))
("C:\Program Files (x86)\MiKTeX 2.9\tex\latex\hyperref\hyperref.sty"
Package: hyperref 2012/11/06 v6.83m Hypertext links for LaTeX

("C:\Program Files (x86)\MiKTeX 2.9\tex\generic\oberdiek\hobsub-hyperref.sty"
Package: hobsub-hyperref 2012/04/25 v1.12 Bundle oberdiek, subset hyperref (HO)


("C:\Program Files (x86)\MiKTeX 2.9\tex\generic\oberdiek\hobsub-generic.sty"
Package: hobsub-generic 2012/04/25 v1.12 Bundle oberdiek, subset generic (HO)
Package: hobsub 2012/04/25 v1.12 Construct package bundles (HO)
Package hobsub Info: Skipping package `infwarerr' (already loaded).
Package hobsub Info: Skipping package `ltxcmds' (already loaded).
Package: ifluatex 2010/03/01 v1.3 Provides the ifluatex switch (HO)
Package ifluatex Info: LuaTeX not detected.
Package: ifvtex 2010/03/01 v1.5 Detect VTeX and its facilities (HO)
Package ifvtex Info: VTeX not detected.
Package: intcalc 2007/09/27 v1.1 Expandable calculations with integers (HO)
Package: ifpdf 2011/01/30 v2.3 Provides the ifpdf switch (HO)
Package ifpdf Info: pdfTeX in PDF mode is detected.
Package: etexcmds 2011/02/16 v1.5 Avoid name clashes with e-TeX commands (HO)
Package etexcmds Info: Could not find \expanded.
(etexcmds)             That can mean that you are not using pdfTeX 1.50 or
(etexcmds)             that some package has redefined \expanded.
(etexcmds)             In the latter case, load this package earlier.
Package: kvsetkeys 2012/04/25 v1.16 Key value parser (HO)
Package: kvdefinekeys 2011/04/07 v1.3 Define keys (HO)
Package: pdftexcmds 2011/11/29 v0.20 Utility functions of pdfTeX for LuaTeX (HO
)
Package pdftexcmds Info: LuaTeX not detected.
Package pdftexcmds Info: \pdf@primitive is available.
Package pdftexcmds Info: \pdf@ifprimitive is available.
Package pdftexcmds Info: \pdfdraftmode found.
Package: pdfescape 2011/11/25 v1.13 Implements pdfTeX's escape features (HO)
Package: bigintcalc 2012/04/08 v1.3 Expandable calculations on big integers (HO
)
Package: bitset 2011/01/30 v1.1 Handle bit-vector datatype (HO)
Package: uniquecounter 2011/01/30 v1.2 Provide unlimited unique counter (HO)
)
Package hobsub Info: Skipping package `hobsub' (already loaded).
Package: letltxmacro 2010/09/02 v1.4 Let assignment for LaTeX macros (HO)
Package: hopatch 2011/06/24 v1.1 Wrapper for package hooks (HO)
Package: xcolor-patch 2011/01/30 xcolor patch
Package: atveryend 2011/06/30 v1.8 Hooks at the very end of document (HO)
Package atveryend Info: \enddocument detected (standard20110627).
Package: atbegshi 2011/10/05 v1.16 At begin shipout hook (HO)
Package: refcount 2011/10/16 v3.4 Data extraction from label references (HO)
Package: hycolor 2011/01/30 v1.7 Color options for hyperref/bookmark (HO)
)
("C:\Program Files (x86)\MiKTeX 2.9\tex\generic\ifxetex\ifxetex.sty"
Package: ifxetex 2010/09/12 v0.6 Provides ifxetex conditional
)
("C:\Program Files (x86)\MiKTeX 2.9\tex\latex\oberdiek\auxhook.sty"
Package: auxhook 2011/03/04 v1.3 Hooks for auxiliary files (HO)
)
("C:\Program Files (x86)\MiKTeX 2.9\tex\latex\oberdiek\kvoptions.sty"
Package: kvoptions 2011/06/30 v3.11 Key value format for package options (HO)
)
\@linkdim=\dimen105
\Hy@linkcounter=\count89
\Hy@pagecounter=\count90

("C:\Program Files (x86)\MiKTeX 2.9\tex\latex\hyperref\pd1enc.def"
File: pd1enc.def 2012/11/06 v6.83m Hyperref: PDFDocEncoding definition (HO)
Now handling font encoding PD1 ...
... no UTF-8 mapping file for font encoding PD1
)
\Hy@SavedSpaceFactor=\count91

("C:\Program Files (x86)\MiKTeX 2.9\tex\latex\00miktex\hyperref.cfg"
File: hyperref.cfg 2002/06/06 v1.2 hyperref configuration of TeXLive
)
Package hyperref Info: Hyper figures OFF on input line 4443.
Package hyperref Info: Link nesting OFF on input line 4448.
Package hyperref Info: Hyper index ON on input line 4451.
Package hyperref Info: Plain pages OFF on input line 4458.
Package hyperref Info: Backreferencing OFF on input line 4463.
Package hyperref Info: Implicit mode ON; LaTeX internals redefined.
Package hyperref Info: Bookmarks ON on input line 4688.
\c@Hy@tempcnt=\count92

("C:\Program Files (x86)\MiKTeX 2.9\tex\latex\ltxmisc\url.sty"
\Urlmuskip=\muskip10
Package: url 2006/04/12  ver 3.3  Verb mode for urls, etc.
)
LaTeX Info: Redefining \url on input line 5041.
\XeTeXLinkMargin=\dimen106
\Fld@menulength=\count93
\Field@Width=\dimen107
\Fld@charsize=\dimen108
Package hyperref Info: Hyper figures OFF on input line 6295.
Package hyperref Info: Link nesting OFF on input line 6300.
Package hyperref Info: Hyper index ON on input line 6303.
Package hyperref Info: backreferencing OFF on input line 6310.
Package hyperref Info: Link coloring OFF on input line 6315.
Package hyperref Info: Link coloring with OCG OFF on input line 6320.
Package hyperref Info: PDF/A mode OFF on input line 6325.
LaTeX Info: Redefining \ref on input line 6365.
LaTeX Info: Redefining \pageref on input line 6369.
\Hy@abspage=\count94
\c@Item=\count95
\c@Hfootnote=\count96
)

Package hyperref Message: Driver (autodetected): hpdftex.

("C:\Program Files (x86)\MiKTeX 2.9\tex\latex\hyperref\hpdftex.def"
File: hpdftex.def 2012/11/06 v6.83m Hyperref driver for pdfTeX
\Fld@listcount=\count97
\c@bookmark@seq@number=\count98

("C:\Program Files (x86)\MiKTeX 2.9\tex\latex\oberdiek\rerunfilecheck.sty"
Package: rerunfilecheck 2011/04/15 v1.7 Rerun checks for auxiliary files (HO)
Package uniquecounter Info: New unique counter `rerunfilecheck' on input line 2
82.
)
\Hy@SectionHShift=\skip52
)
("C:\Program Files (x86)\MiKTeX 2.9\tex\latex\tools\verbatim.sty"
Package: verbatim 2003/08/22 v1.5q LaTeX2e package for verbatim enhancements
\every@verbatim=\toks18
\verbatim@line=\toks19
\verbatim@in@stream=\read1
)
("C:\Program Files (x86)\MiKTeX 2.9\tex\latex\caption\caption.sty"
Package: caption 2016/02/21 v3.3-144 Customizing captions (AR)

("C:\Program Files (x86)\MiKTeX 2.9\tex\latex\caption\caption3.sty"
Package: caption3 2016/05/22 v1.7-166 caption3 kernel (AR)
Package caption3 Info: TeX engine: e-TeX on input line 67.
\captionmargin=\dimen109
\captionmargin@=\dimen110
\captionwidth=\dimen111
\caption@tempdima=\dimen112
\caption@indent=\dimen113
\caption@parindent=\dimen114
\caption@hangindent=\dimen115
)
\c@ContinuedFloat=\count99
Package caption Info: hyperref package is loaded.
)
("C:\Program Files (x86)\MiKTeX 2.9\tex\latex\footmisc\footmisc.sty"
Package: footmisc 2011/06/06 v5.5b a miscellany of footnote facilities
\FN@temptoken=\toks20
\footnotemargin=\dimen116
\c@pp@next@reset=\count100
Package footmisc Info: Declaring symbol style bringhurst on input line 855.
Package footmisc Info: Declaring symbol style chicago on input line 863.
Package footmisc Info: Declaring symbol style wiley on input line 872.
Package footmisc Info: Declaring symbol style lamport-robust on input line 883.

Package footmisc Info: Declaring symbol style lamport* on input line 903.
Package footmisc Info: Declaring symbol style lamport*-robust on input line 924
.
)
("C:\Program Files (x86)\MiKTeX 2.9\tex\generic\babel\babel.sty"
Package: babel 2008/07/08 v3.8m The Babel package

*************************************
* Local config file bblopts.cfg used
*
("C:\Program Files (x86)\MiKTeX 2.9\tex\latex\00miktex\bblopts.cfg"
File: bblopts.cfg 2006/07/31 v1.0 MiKTeX 'babel' configuration
)
("C:\Program Files (x86)\MiKTeX 2.9\tex\generic\babel\frenchb.ldf"
Language: frenchb 2009/03/16 v2.3d French support from the babel system

("C:\Program Files (x86)\MiKTeX 2.9\tex\generic\babel\babel.def"
File: babel.def 2008/07/08 v3.8m Babel common definitions
\babel@savecnt=\count101
\U@D=\dimen117
)
Package babel Info: Making : an active character on input line 120.
Package babel Info: Making ; an active character on input line 121.
Package babel Info: Making ! an active character on input line 122.
Package babel Info: Making ? an active character on input line 123.
\FB@Mht=\dimen118
\std@mcc=\count102
\dec@mcc=\count103
\parindentFFN=\dimen119

*************************************
* Local config file frenchb.cfg used
*
("C:\Program Files (x86)\MiKTeX 2.9\tex\generic\babel\frenchb.cfg"))
("C:\Program Files (x86)\MiKTeX 2.9\tex\generic\babel\english.ldf"
Language: english 2005/03/30 v3.3o English support from the babel system
\l@canadian = a dialect from \language\l@american 
\l@australian = a dialect from \language\l@british 
\l@newzealand = a dialect from \language\l@british 
))
("C:\Program Files (x86)\MiKTeX 2.9\tex\latex\carlisle\scalefnt.sty")
("C:\Program Files (x86)\MiKTeX 2.9\tex\latex\base\fontenc.sty"
Package: fontenc 2005/09/27 v1.99g Standard LaTeX package

("C:\Program Files (x86)\MiKTeX 2.9\tex\latex\base\t1enc.def"
File: t1enc.def 2005/09/27 v1.99g Standard LaTeX file
LaTeX Font Info:    Redeclaring font encoding T1 on input line 43.
))
("C:\Program Files (x86)\MiKTeX 2.9\tex\latex\pgf\frontendlayer\tikz.sty"
("C:\Program Files (x86)\MiKTeX 2.9\tex\latex\pgf\basiclayer\pgf.sty"
("C:\Program Files (x86)\MiKTeX 2.9\tex\latex\pgf\utilities\pgfrcs.sty"
("C:\Program Files (x86)\MiKTeX 2.9\tex\generic\pgf\utilities\pgfutil-common.te
x"
\pgfutil@everybye=\toks21
)
("C:\Program Files (x86)\MiKTeX 2.9\tex\generic\pgf\utilities\pgfutil-latex.def
"
\pgfutil@abb=\box26
 ("C:\Program Files (x86)\MiKTeX 2.9\tex\latex\ms\everyshi.sty"
Package: everyshi 2001/05/15 v3.00 EveryShipout Package (MS)
))
("C:\Program Files (x86)\MiKTeX 2.9\tex\generic\pgf\utilities\pgfrcs.code.tex"
Package: pgfrcs 2010/10/25 v2.10 (rcs-revision 1.24)
))
Package: pgf 2008/01/15 v2.10 (rcs-revision 1.12)
 ("C:\Program Files (x86)\MiKTeX 2.9\tex\latex\pgf\basiclayer\pgfcore.sty"
("C:\Program Files (x86)\MiKTeX 2.9\tex\latex\pgf\systemlayer\pgfsys.sty"
("C:\Program Files (x86)\MiKTeX 2.9\tex\generic\pgf\systemlayer\pgfsys.code.tex
"
Package: pgfsys 2010/06/30 v2.10 (rcs-revision 1.37)
 ("C:\Program Files (x86)\MiKTeX 2.9\tex\generic\pgf\utilities\pgfkeys.code.tex
"
\pgfkeys@pathtoks=\toks22
\pgfkeys@temptoks=\toks23

("C:\Program Files (x86)\MiKTeX 2.9\tex\generic\pgf\utilities\pgfkeysfiltered.c
ode.tex"
\pgfkeys@tmptoks=\toks24
))
\pgf@x=\dimen120
\pgf@y=\dimen121
\pgf@xa=\dimen122
\pgf@ya=\dimen123
\pgf@xb=\dimen124
\pgf@yb=\dimen125
\pgf@xc=\dimen126
\pgf@yc=\dimen127
\w@pgf@writea=\write3
\r@pgf@reada=\read2
\c@pgf@counta=\count104
\c@pgf@countb=\count105
\c@pgf@countc=\count106
\c@pgf@countd=\count107

("C:\Program Files (x86)\MiKTeX 2.9\tex\generic\pgf\systemlayer\pgf.cfg"
File: pgf.cfg 2008/05/14  (rcs-revision 1.7)
)
Package pgfsys Info: Driver file for pgf: pgfsys-pdftex.def on input line 900.

("C:\Program Files (x86)\MiKTeX 2.9\tex\generic\pgf\systemlayer\pgfsys-pdftex.d
ef"
File: pgfsys-pdftex.def 2009/05/22  (rcs-revision 1.26)

("C:\Program Files (x86)\MiKTeX 2.9\tex\generic\pgf\systemlayer\pgfsys-common-p
df.def"
File: pgfsys-common-pdf.def 2008/05/19  (rcs-revision 1.10)
)))
("C:\Program Files (x86)\MiKTeX 2.9\tex\generic\pgf\systemlayer\pgfsyssoftpath.
code.tex"
File: pgfsyssoftpath.code.tex 2008/07/18  (rcs-revision 1.7)
\pgfsyssoftpath@smallbuffer@items=\count108
\pgfsyssoftpath@bigbuffer@items=\count109
)
("C:\Program Files (x86)\MiKTeX 2.9\tex\generic\pgf\systemlayer\pgfsysprotocol.
code.tex"
File: pgfsysprotocol.code.tex 2006/10/16  (rcs-revision 1.4)
)) ("C:\Program Files (x86)\MiKTeX 2.9\tex\latex\xcolor\xcolor.sty"
Package: xcolor 2007/01/21 v2.11 LaTeX color extensions (UK)

("C:\Program Files (x86)\MiKTeX 2.9\tex\latex\00miktex\color.cfg"
File: color.cfg 2007/01/18 v1.5 color configuration of teTeX/TeXLive
)
Package xcolor Info: Driver file: pdftex.def on input line 225.
Package xcolor Info: Model `cmy' substituted by `cmy0' on input line 1337.
Package xcolor Info: Model `hsb' substituted by `rgb' on input line 1341.
Package xcolor Info: Model `RGB' extended on input line 1353.
Package xcolor Info: Model `HTML' substituted by `rgb' on input line 1355.
Package xcolor Info: Model `Hsb' substituted by `hsb' on input line 1356.
Package xcolor Info: Model `tHsb' substituted by `hsb' on input line 1357.
Package xcolor Info: Model `HSB' substituted by `hsb' on input line 1358.
Package xcolor Info: Model `Gray' substituted by `gray' on input line 1359.
Package xcolor Info: Model `wave' substituted by `hsb' on input line 1360.
)
("C:\Program Files (x86)\MiKTeX 2.9\tex\generic\pgf\basiclayer\pgfcore.code.tex
"
Package: pgfcore 2010/04/11 v2.10 (rcs-revision 1.7)
 ("C:\Program Files (x86)\MiKTeX 2.9\tex\generic\pgf\math\pgfmath.code.tex"
("C:\Program Files (x86)\MiKTeX 2.9\tex\generic\pgf\math\pgfmathcalc.code.tex"
("C:\Program Files (x86)\MiKTeX 2.9\tex\generic\pgf\math\pgfmathutil.code.tex")
("C:\Program Files (x86)\MiKTeX 2.9\tex\generic\pgf\math\pgfmathparser.code.tex
"
\pgfmath@dimen=\dimen128
\pgfmath@count=\count110
\pgfmath@box=\box27
\pgfmath@toks=\toks25
\pgfmath@stack@operand=\toks26
\pgfmath@stack@operation=\toks27
)
("C:\Program Files (x86)\MiKTeX 2.9\tex\generic\pgf\math\pgfmathfunctions.code.
tex"
("C:\Program Files (x86)\MiKTeX 2.9\tex\generic\pgf\math\pgfmathfunctions.basic
.code.tex")
("C:\Program Files (x86)\MiKTeX 2.9\tex\generic\pgf\math\pgfmathfunctions.trigo
nometric.code.tex")
("C:\Program Files (x86)\MiKTeX 2.9\tex\generic\pgf\math\pgfmathfunctions.rando
m.code.tex")
("C:\Program Files (x86)\MiKTeX 2.9\tex\generic\pgf\math\pgfmathfunctions.compa
rison.code.tex")
("C:\Program Files (x86)\MiKTeX 2.9\tex\generic\pgf\math\pgfmathfunctions.base.
code.tex")
("C:\Program Files (x86)\MiKTeX 2.9\tex\generic\pgf\math\pgfmathfunctions.round
.code.tex")
("C:\Program Files (x86)\MiKTeX 2.9\tex\generic\pgf\math\pgfmathfunctions.misc.
code.tex")))
("C:\Program Files (x86)\MiKTeX 2.9\tex\generic\pgf\math\pgfmathfloat.code.tex"
\c@pgfmathroundto@lastzeros=\count111
))
("C:\Program Files (x86)\MiKTeX 2.9\tex\generic\pgf\basiclayer\pgfcorepoints.co
de.tex"
File: pgfcorepoints.code.tex 2010/04/09  (rcs-revision 1.20)
\pgf@picminx=\dimen129
\pgf@picmaxx=\dimen130
\pgf@picminy=\dimen131
\pgf@picmaxy=\dimen132
\pgf@pathminx=\dimen133
\pgf@pathmaxx=\dimen134
\pgf@pathminy=\dimen135
\pgf@pathmaxy=\dimen136
\pgf@xx=\dimen137
\pgf@xy=\dimen138
\pgf@yx=\dimen139
\pgf@yy=\dimen140
\pgf@zx=\dimen141
\pgf@zy=\dimen142
)
("C:\Program Files (x86)\MiKTeX 2.9\tex\generic\pgf\basiclayer\pgfcorepathconst
ruct.code.tex"
File: pgfcorepathconstruct.code.tex 2010/08/03  (rcs-revision 1.24)
\pgf@path@lastx=\dimen143
\pgf@path@lasty=\dimen144
)
("C:\Program Files (x86)\MiKTeX 2.9\tex\generic\pgf\basiclayer\pgfcorepathusage
.code.tex"
File: pgfcorepathusage.code.tex 2008/04/22  (rcs-revision 1.12)
\pgf@shorten@end@additional=\dimen145
\pgf@shorten@start@additional=\dimen146
)
("C:\Program Files (x86)\MiKTeX 2.9\tex\generic\pgf\basiclayer\pgfcorescopes.co
de.tex"
File: pgfcorescopes.code.tex 2010/09/08  (rcs-revision 1.34)
\pgfpic=\box28
\pgf@hbox=\box29
\pgf@layerbox@main=\box30
\pgf@picture@serial@count=\count112
)
("C:\Program Files (x86)\MiKTeX 2.9\tex\generic\pgf\basiclayer\pgfcoregraphicst
ate.code.tex"
File: pgfcoregraphicstate.code.tex 2008/04/22  (rcs-revision 1.9)
\pgflinewidth=\dimen147
)
("C:\Program Files (x86)\MiKTeX 2.9\tex\generic\pgf\basiclayer\pgfcoretransform
ations.code.tex"
File: pgfcoretransformations.code.tex 2009/06/10  (rcs-revision 1.11)
\pgf@pt@x=\dimen148
\pgf@pt@y=\dimen149
\pgf@pt@temp=\dimen150
)
("C:\Program Files (x86)\MiKTeX 2.9\tex\generic\pgf\basiclayer\pgfcorequick.cod
e.tex"
File: pgfcorequick.code.tex 2008/10/09  (rcs-revision 1.3)
)
("C:\Program Files (x86)\MiKTeX 2.9\tex\generic\pgf\basiclayer\pgfcoreobjects.c
ode.tex"
File: pgfcoreobjects.code.tex 2006/10/11  (rcs-revision 1.2)
)
("C:\Program Files (x86)\MiKTeX 2.9\tex\generic\pgf\basiclayer\pgfcorepathproce
ssing.code.tex"
File: pgfcorepathprocessing.code.tex 2008/10/09  (rcs-revision 1.8)
)
("C:\Program Files (x86)\MiKTeX 2.9\tex\generic\pgf\basiclayer\pgfcorearrows.co
de.tex"
File: pgfcorearrows.code.tex 2008/04/23  (rcs-revision 1.11)
)
("C:\Program Files (x86)\MiKTeX 2.9\tex\generic\pgf\basiclayer\pgfcoreshade.cod
e.tex"
File: pgfcoreshade.code.tex 2008/11/23  (rcs-revision 1.13)
\pgf@max=\dimen151
\pgf@sys@shading@range@num=\count113
)
("C:\Program Files (x86)\MiKTeX 2.9\tex\generic\pgf\basiclayer\pgfcoreimage.cod
e.tex"
File: pgfcoreimage.code.tex 2010/03/25  (rcs-revision 1.16)

("C:\Program Files (x86)\MiKTeX 2.9\tex\generic\pgf\basiclayer\pgfcoreexternal.
code.tex"
File: pgfcoreexternal.code.tex 2010/09/01  (rcs-revision 1.17)
\pgfexternal@startupbox=\box31
))
("C:\Program Files (x86)\MiKTeX 2.9\tex\generic\pgf\basiclayer\pgfcorelayers.co
de.tex"
File: pgfcorelayers.code.tex 2010/08/27  (rcs-revision 1.2)
)
("C:\Program Files (x86)\MiKTeX 2.9\tex\generic\pgf\basiclayer\pgfcoretranspare
ncy.code.tex"
File: pgfcoretransparency.code.tex 2008/01/17  (rcs-revision 1.2)
)
("C:\Program Files (x86)\MiKTeX 2.9\tex\generic\pgf\basiclayer\pgfcorepatterns.
code.tex"
File: pgfcorepatterns.code.tex 2009/07/02  (rcs-revision 1.3)
)))
("C:\Program Files (x86)\MiKTeX 2.9\tex\generic\pgf\modules\pgfmoduleshapes.cod
e.tex"
File: pgfmoduleshapes.code.tex 2010/09/09  (rcs-revision 1.13)
\pgfnodeparttextbox=\box32
)
("C:\Program Files (x86)\MiKTeX 2.9\tex\generic\pgf\modules\pgfmoduleplot.code.
tex"
File: pgfmoduleplot.code.tex 2010/10/22  (rcs-revision 1.8)
)
("C:\Program Files (x86)\MiKTeX 2.9\tex\latex\pgf\compatibility\pgfcomp-version
-0-65.sty"
Package: pgfcomp-version-0-65 2007/07/03 v2.10 (rcs-revision 1.7)
\pgf@nodesepstart=\dimen152
\pgf@nodesepend=\dimen153
)
("C:\Program Files (x86)\MiKTeX 2.9\tex\latex\pgf\compatibility\pgfcomp-version
-1-18.sty"
Package: pgfcomp-version-1-18 2007/07/23 v2.10 (rcs-revision 1.1)
))
("C:\Program Files (x86)\MiKTeX 2.9\tex\latex\pgf\utilities\pgffor.sty"
("C:\Program Files (x86)\MiKTeX 2.9\tex\latex\pgf\utilities\pgfkeys.sty"
("C:\Program Files (x86)\MiKTeX 2.9\tex\generic\pgf\utilities\pgfkeys.code.tex"
)) ("C:\Program Files (x86)\MiKTeX 2.9\tex\generic\pgf\utilities\pgffor.code.te
x"
Package: pgffor 2010/03/23 v2.10 (rcs-revision 1.18)
\pgffor@iter=\dimen154
\pgffor@skip=\dimen155
\pgffor@stack=\toks28
\pgffor@toks=\toks29
))
("C:\Program Files (x86)\MiKTeX 2.9\tex\generic\pgf\frontendlayer\tikz\tikz.cod
e.tex"
Package: tikz 2010/10/13 v2.10 (rcs-revision 1.76)

("C:\Program Files (x86)\MiKTeX 2.9\tex\generic\pgf\libraries\pgflibraryplothan
dlers.code.tex"
File: pgflibraryplothandlers.code.tex 2010/05/31 v2.10 (rcs-revision 1.15)
\pgf@plot@mark@count=\count114
\pgfplotmarksize=\dimen156
)
\tikz@lastx=\dimen157
\tikz@lasty=\dimen158
\tikz@lastxsaved=\dimen159
\tikz@lastysaved=\dimen160
\tikzleveldistance=\dimen161
\tikzsiblingdistance=\dimen162
\tikz@figbox=\box33
\tikz@tempbox=\box34
\tikztreelevel=\count115
\tikznumberofchildren=\count116
\tikznumberofcurrentchild=\count117
\tikz@fig@count=\count118

("C:\Program Files (x86)\MiKTeX 2.9\tex\generic\pgf\modules\pgfmodulematrix.cod
e.tex"
File: pgfmodulematrix.code.tex 2010/08/24  (rcs-revision 1.4)
\pgfmatrixcurrentrow=\count119
\pgfmatrixcurrentcolumn=\count120
\pgf@matrix@numberofcolumns=\count121
)
\tikz@expandcount=\count122

("C:\Program Files (x86)\MiKTeX 2.9\tex\generic\pgf\frontendlayer\tikz\librarie
s\tikzlibrarytopaths.code.tex"
File: tikzlibrarytopaths.code.tex 2008/06/17 v2.10 (rcs-revision 1.2)
)))
("C:\Program Files (x86)\MiKTeX 2.9\tex\latex\tools\calc.sty"
Package: calc 2007/08/22 v4.3 Infix arithmetic (KKT,FJ)
\calc@Acount=\count123
\calc@Bcount=\count124
\calc@Adimen=\dimen163
\calc@Bdimen=\dimen164
\calc@Askip=\skip53
\calc@Bskip=\skip54
LaTeX Info: Redefining \setlength on input line 76.
LaTeX Info: Redefining \addtolength on input line 77.
\calc@Ccount=\count125
\calc@Cskip=\skip55
)
("C:\Program Files (x86)\MiKTeX 2.9\tex\latex\animate\animate.sty"
Package: animate 2013/07/19 PDF animations from files and inline graphics

("C:\Program Files (x86)\MiKTeX 2.9\tex\latex\base\ifthen.sty"
Package: ifthen 2001/05/26 v1.1c Standard LaTeX ifthen package (DPC)
)
("C:\Program Files (x86)\MiKTeX 2.9\tex\latex\oberdiek\ifdraft.sty"
Package: ifdraft 2008/08/11 v1.3 Detect class options draft and final (HO)
)
("C:\Program Files (x86)\MiKTeX 2.9\tex\latex\animate\animfp.sty"
Package: animfp 2009/07/23 fixed point addition for animate.sty
\afp@xs=\count126
\afp@xia=\count127
\afp@xib=\count128
\afp@xfa=\count129
\afp@xfb=\count130
\afp@rega=\count131
\afp@regb=\count132
\afp@regs=\count133
)
("C:\Program Files (x86)\MiKTeX 2.9\tex\context\base\supp-pdf.mkii"
[Loading MPS to PDF converter (version 2006.09.02).]
\scratchcounter=\count134
\scratchdimen=\dimen165
\scratchbox=\box35
\nofMPsegments=\count135
\nofMParguments=\count136
\everyMPshowfont=\toks30
\MPscratchCnt=\count137
\MPscratchDim=\dimen166
\MPnumerator=\count138
\makeMPintoPDFobject=\count139
\everyMPtoPDFconversion=\toks31
)
\@anim@@ocgs=\count140
\@anim@@offocgs=\count141
\@anim@box=\box36
\@anim@tmpdima=\dimen167
\@anim@tmpdimb=\dimen168
\@anim@num=\count142
\@anim@curframe=\count143
\@anim@curframe@zb=\count144
\@anim@resize=\count145
\@anim@skipfram=\count146
\@anim@mulframecnt=\count147
\@anim@@tmlnfile=\read3
\@anim@tmpcnt=\count148
\c@@anim@ltxcnt=\count149
\@anim@curlayer=\count150
\@anim@lineno=\count151
\@anim@curfield=\count152
\@anim@begin=\toks32
\@anim@end=\toks33
) ("C:\Program Files (x86)\MiKTeX 2.9\tex\latex\carlisle\plain.sty"
Package: plain 1996/04/22 Plain TeX emulation (DPC)
\tabs@latex=\box37
\tabsyet@latex=\box38
\tabsdone@latex=\box39
)
("C:\Program Files (x86)\MiKTeX 2.9\tex\latex\amsmath\amsmath.sty"
Package: amsmath 2013/01/14 v2.14 AMS math features
\@mathmargin=\skip56

For additional information on amsmath, use the `?' option.
("C:\Program Files (x86)\MiKTeX 2.9\tex\latex\amsmath\amstext.sty"
Package: amstext 2000/06/29 v2.01

("C:\Program Files (x86)\MiKTeX 2.9\tex\latex\amsmath\amsgen.sty"
File: amsgen.sty 1999/11/30 v2.0
\@emptytoks=\toks34
\ex@=\dimen169
))
("C:\Program Files (x86)\MiKTeX 2.9\tex\latex\amsmath\amsbsy.sty"
Package: amsbsy 1999/11/29 v1.2d
\pmbraise@=\dimen170
)
("C:\Program Files (x86)\MiKTeX 2.9\tex\latex\amsmath\amsopn.sty"
Package: amsopn 1999/12/14 v2.01 operator names
)
\inf@bad=\count153
LaTeX Info: Redefining \frac on input line 210.
\uproot@=\count154
\leftroot@=\count155
LaTeX Info: Redefining \overline on input line 306.
\classnum@=\count156
\DOTSCASE@=\count157
LaTeX Info: Redefining \ldots on input line 378.
LaTeX Info: Redefining \dots on input line 381.
LaTeX Info: Redefining \cdots on input line 466.
\Mathstrutbox@=\box40
\strutbox@=\box41
\big@size=\dimen171
LaTeX Font Info:    Redeclaring font encoding OML on input line 566.
LaTeX Font Info:    Redeclaring font encoding OMS on input line 567.
\macc@depth=\count158
\c@MaxMatrixCols=\count159
\dotsspace@=\muskip11
\c@parentequation=\count160
\dspbrk@lvl=\count161
\tag@help=\toks35
\row@=\count162
\column@=\count163
\maxfields@=\count164
\andhelp@=\toks36
\eqnshift@=\dimen172
\alignsep@=\dimen173
\tagshift@=\dimen174
\tagwidth@=\dimen175
\totwidth@=\dimen176
\lineht@=\dimen177
\@envbody=\toks37
\multlinegap=\skip57
\multlinetaggap=\skip58
\mathdisplay@stack=\toks38
LaTeX Info: Redefining \[ on input line 2665.
LaTeX Info: Redefining \] on input line 2666.
)
("C:\Program Files (x86)\MiKTeX 2.9\tex\latex\float\float.sty"
Package: float 2001/11/08 v1.3d Float enhancements (AL)
\c@float@type=\count165
\float@exts=\toks39
\float@box=\box42
\@float@everytoks=\toks40
\@floatcapt=\box43
)

LaTeX Warning: Unused global option(s):
    [a4].

(C:\Users\Yannick\Nextcloud\Hec\Master\Memoire\Sujet\V6\sujet.aux)
LaTeX Font Info:    Checking defaults for OML/cmm/m/it on input line 120.
LaTeX Font Info:    ... okay on input line 120.
LaTeX Font Info:    Checking defaults for T1/cmr/m/n on input line 120.
LaTeX Font Info:    ... okay on input line 120.
LaTeX Font Info:    Checking defaults for OT1/cmr/m/n on input line 120.
LaTeX Font Info:    ... okay on input line 120.
LaTeX Font Info:    Checking defaults for OMS/cmsy/m/n on input line 120.
LaTeX Font Info:    ... okay on input line 120.
LaTeX Font Info:    Checking defaults for OMX/cmex/m/n on input line 120.
LaTeX Font Info:    ... okay on input line 120.
LaTeX Font Info:    Checking defaults for U/cmr/m/n on input line 120.
LaTeX Font Info:    ... okay on input line 120.
LaTeX Font Info:    Checking defaults for PD1/pdf/m/n on input line 120.
LaTeX Font Info:    ... okay on input line 120.
Package lastpage Info: Please have a look at the pageslts package at
(lastpage)             https://www.ctan.org/pkg/pageslts
(lastpage)             ! on input line 120.
\AtBeginShipoutBox=\box44
Package hyperref Info: Link coloring OFF on input line 120.

("C:\Program Files (x86)\MiKTeX 2.9\tex\latex\hyperref\nameref.sty"
Package: nameref 2012/10/27 v2.43 Cross-referencing by name of section

("C:\Program Files (x86)\MiKTeX 2.9\tex\generic\oberdiek\gettitlestring.sty"
Package: gettitlestring 2010/12/03 v1.4 Cleanup title references (HO)
)
\c@section@level=\count166
)
LaTeX Info: Redefining \ref on input line 120.
LaTeX Info: Redefining \pageref on input line 120.
LaTeX Info: Redefining \nameref on input line 120.

(C:\Users\Yannick\Nextcloud\Hec\Master\Memoire\Sujet\V6\sujet.out)
(C:\Users\Yannick\Nextcloud\Hec\Master\Memoire\Sujet\V6\sujet.out)
\@outlinefile=\write4
Package caption Info: Begin \AtBeginDocument code.
Package caption Info: float package is loaded.
Package caption Info: End \AtBeginDocument code.
LaTeX Info: Redefining \degres on input line 120.


Package frenchb.ldf Warning: The definition of \@makecaption has been changed,
(frenchb.ldf)                frenchb will NOT customise it;
(frenchb.ldf)                reported on input line 120.

LaTeX Info: Redefining \dots on input line 120.
LaTeX Info: Redefining \up on input line 120.
ABD: EveryShipout initializing macros
<unil.pdf, id=180, 869.2475pt x 467.7475pt>
File: unil.pdf Graphic file (type pdf)
 <use unil.pdf>
Package pdftex.def Info: unil.pdf used on input line 123.
(pdftex.def)             Requested size: 170.71652pt x 91.86345pt.


LaTeX Warning: No \author given.

[0

{C:/ProgramData/MiKTeX/2.9/pdftex/config/pdftex.map} <C:/Users/Yannick/Nextclou
d/Hec/Master/Memoire/Sujet/V6/unil.pdf>] [1

] [2]
(C:\Users\Yannick\Nextcloud\Hec\Master\Memoire\Sujet\V6\sujet.toc [3])
\tf@toc=\write5
 [4]
[5] [6] [7] [8] <LinearRegression.pdf, id=290, 602.25pt x 372.39125pt>
File: LinearRegression.pdf Graphic file (type pdf)

<use LinearRegression.pdf>
Package pdftex.def Info: LinearRegression.pdf used on input line 251.
(pdftex.def)             Requested size: 236.75508pt x 146.39685pt.

Overfull \hbox (11.2747pt too wide) in paragraph at lines 251--253
 [][] 
 []

<LinearLeastSquares.pdf, id=293, 299.9211pt x 377.97287pt>
File: LinearLeastSquares.pdf Graphic file (type pdf)

<use LinearLeastSquares.pdf>
Package pdftex.def Info: LinearLeastSquares.pdf used on input line 258.
(pdftex.def)             Requested size: 112.74019pt x 142.07974pt.

<LogisticGrowthPopulation.pdf, id=299, 239.31474pt x 191.13057pt>
File: LogisticGrowthPopulation.pdf Graphic file (type pdf)

<use LogisticGrowthPopulation.pdf>
Package pdftex.def Info: LogisticGrowthPopulation.pdf used on input line 273.
(pdftex.def)             Requested size: 169.11028pt x 135.06203pt.

<NeuralNetwork.pdf, id=302, 237.7086pt x 285.89278pt>
File: NeuralNetwork.pdf Graphic file (type pdf)
 <use NeuralNetwork.pdf>
Package pdftex.def Info: NeuralNetwork.pdf used on input line 280.
(pdftex.def)             Requested size: 137.54317pt x 165.42531pt.

[9 <C:/Users/Yannick/Nextcloud/Hec/Master/Memoire/Sujet/V6/LinearRegression.pdf
> <C:/Users/Yannick/Nextcloud/Hec/Master/Memoire/Sujet/V6/LinearLeastSquares.pd
f

pdfTeX warning: pdflatex.EXE (file C:/Users/Yannick/Nextcloud/Hec/Master/Memoir
e/Sujet/V6/LinearLeastSquares.pdf): PDF inclusion: multiple pdfs with page grou
p included in a single page
>] [10 <C:/Users/Yannick/Nextcloud/Hec/Master/Memoire/Sujet/V6/LogisticGrowthPo
pulation.pdf> <C:/Users/Yannick/Nextcloud/Hec/Master/Memoire/Sujet/V6/NeuralNet
work.pdf

pdfTeX warning: pdflatex.EXE (file C:/Users/Yannick/Nextcloud/Hec/Master/Memoir
e/Sujet/V6/NeuralNetwork.pdf): PDF inclusion: multiple pdfs with page group inc
luded in a single page
>] <NeuralNetworkWithWeight.pdf, id=362, 442.65375pt x 332.24126pt>
File: NeuralNetworkWithWeight.pdf Graphic file (type pdf)

<use NeuralNetworkWithWeight.pdf>
Package pdftex.def Info: NeuralNetworkWithWeight.pdf used on input line 300.
(pdftex.def)             Requested size: 173.62085pt x 130.31372pt.

<NeuralNetworkWithForward.pdf, id=365, 514.92375pt x 382.42876pt>
File: NeuralNetworkWithForward.pdf Graphic file (type pdf)

<use NeuralNetworkWithForward.pdf>
Package pdftex.def Info: NeuralNetworkWithForward.pdf used on input line 307.
(pdftex.def)             Requested size: 191.65968pt x 142.34254pt.

<RNNUnrolled.pdf, id=373, 977.81503pt x 256.92036pt>
File: RNNUnrolled.pdf Graphic file (type pdf)
 <use RNNUnrolled.pdf>
Package pdftex.def Info: RNNUnrolled.pdf used on input line 321.
(pdftex.def)             Requested size: 234.87749pt x 61.7131pt.

[11 <C:/Users/Yannick/Nextcloud/Hec/Master/Memoire/Sujet/V6/NeuralNetworkWithWe
ight.pdf> <C:/Users/Yannick/Nextcloud/Hec/Master/Memoire/Sujet/V6/NeuralNetwork
WithForward.pdf

pdfTeX warning: pdflatex.EXE (file C:/Users/Yannick/Nextcloud/Hec/Master/Memoir
e/Sujet/V6/NeuralNetworkWithForward.pdf): PDF inclusion: multiple pdfs with pag
e group included in a single page
>] <LSTMSimpleRNN.pdf, id=398, 810.14835pt x 303.17328pt>
File: LSTMSimpleRNN.pdf Graphic file (type pdf)

<use LSTMSimpleRNN.pdf>
Package pdftex.def Info: LSTMSimpleRNN.pdf used on input line 332.
(pdftex.def)             Requested size: 180.38498pt x 67.50325pt.
 <LSTMchain.pdf, id=401, 806.89615pt x 303.17328pt>
File: LSTMchain.pdf Graphic file (type pdf)

<use LSTMchain.pdf>
Package pdftex.def Info: LSTMchain.pdf used on input line 339.
(pdftex.def)             Requested size: 180.38498pt x 67.77156pt.
 <tf.pdf, id=407, 1012.40623pt x 464.42726pt>
File: tf.pdf Graphic file (type pdf)
 <use tf.pdf>
Package pdftex.def Info: tf.pdf used on input line 352.
(pdftex.def)             Requested size: 225.48038pt x 103.43571pt.

<tf2b.pdf, id=410, 616.47636pt x 225.0628pt>
File: tf2b.pdf Graphic file (type pdf)
 <use tf2b.pdf>
Package pdftex.def Info: tf2b.pdf used on input line 359.
(pdftex.def)             Requested size: 234.87749pt x 85.74797pt.
 [12 <C:/Users/Yannick/Nextcloud/Hec/Master/Memoire/Sujet/V6/RNNUnrolled.pdf> <
C:/Users/Yannick/Nextcloud/Hec/Master/Memoire/Sujet/V6/LSTMSimpleRNN.pdf

pdfTeX warning: pdflatex.EXE (file C:/Users/Yannick/Nextcloud/Hec/Master/Memoir
e/Sujet/V6/LSTMSimpleRNN.pdf): PDF inclusion: multiple pdfs with page group inc
luded in a single page
> <C:/Users/Yannick/Nextcloud/Hec/Master/Memoire/Sujet/V6/LSTMchain.pdf

pdfTeX warning: pdflatex.EXE (file C:/Users/Yannick/Nextcloud/Hec/Master/Memoir
e/Sujet/V6/LSTMchain.pdf): PDF inclusion: multiple pdfs with page group include
d in a single page
>] <ces.png, id=449, 578.16pt x 433.62pt>
File: ces.png Graphic file (type png)
 <use ces.png>
Package pdftex.def Info: ces.png used on input line 371.
(pdftex.def)             Requested size: 157.83557pt x 118.3758pt.

<ces3a.png, id=455, 408.02437pt x 191.9672pt>
File: ces3a.png Graphic file (type png)
 <use ces3a.png>
Package pdftex.def Info: ces3a.png used on input line 378.
(pdftex.def)             Requested size: 234.87749pt x 110.50623pt.
 [13 <C:/Users/Yannick/Nextcloud/Hec/Master/Memoire/Sujet/V6/tf.pdf> <C:/Users/
Yannick/Nextcloud/Hec/Master/Memoire/Sujet/V6/tf2b.pdf

pdfTeX warning: pdflatex.EXE (file C:/Users/Yannick/Nextcloud/Hec/Master/Memoir
e/Sujet/V6/tf2b.pdf): PDF inclusion: multiple pdfs with page group included in 
a single page
> <C:/Users/Yannick/Nextcloud/Hec/Master/Memoire/Sujet/V6/ces.png> <C:/Users/Ya
nnick/Nextcloud/Hec/Master/Memoire/Sujet/V6/ces3a.png>]
<db.pdf, id=485, 446.36203pt x 214.52475pt>
File: db.pdf Graphic file (type pdf)
 <use db.pdf>
Package pdftex.def Info: db.pdf used on input line 388.
(pdftex.def)             Requested size: 352.31624pt x 169.33192pt.
 [14 <C:/Users/Yannick/Nextcloud/Hec/Master/Memoire/Sujet/V6/db.pdf>] [15] [16]
 [17] [18]
<Model/Linear/user24Timestep1Hidden1Neurons20Movement.pdf, id=528, 462.52893pt 
x 346.89668pt>
File: Model/Linear/user24Timestep1Hidden1Neurons20Movement.pdf Graphic file (ty
pe pdf)
 <use Model/Linear/user24Timestep1Hidden1Neurons20Movement.pdf>
Package pdftex.def Info: Model/Linear/user24Timestep1Hidden1Neurons20Movement.p
df used on input line 457.
(pdftex.def)             Requested size: 225.48038pt x 169.11276pt.

<Model/Linear/user24Timestep5Hidden1Neurons20Movement.pdf, id=531, 462.52893pt 
x 346.89668pt>
File: Model/Linear/user24Timestep5Hidden1Neurons20Movement.pdf Graphic file (ty
pe pdf)
 <use Model/Linear/user24Timestep5Hidden1Neurons20Movement.pdf>
Package pdftex.def Info: Model/Linear/user24Timestep5Hidden1Neurons20Movement.p
df used on input line 464.
(pdftex.def)             Requested size: 225.48038pt x 169.11276pt.

[19 <C:/Users/Yannick/Nextcloud/Hec/Master/Memoire/Sujet/V6/Model/Linear/user24
Timestep1Hidden1Neurons20Movement.pdf> <C:/Users/Yannick/Nextcloud/Hec/Master/M
emoire/Sujet/V6/Model/Linear/user24Timestep5Hidden1Neurons20Movement.pdf

pdfTeX warning: pdflatex.EXE (file C:/Users/Yannick/Nextcloud/Hec/Master/Memoir
e/Sujet/V6/Model/Linear/user24Timestep5Hidden1Neurons20Movement.pdf): PDF inclu
sion: multiple pdfs with page group included in a single page
>]
<Model/Logistic/user24Timestep1Hidden1Neurons20Movement.pdf, id=556, 462.52893p
t x 346.89668pt>
File: Model/Logistic/user24Timestep1Hidden1Neurons20Movement.pdf Graphic file (
type pdf)

<use Model/Logistic/user24Timestep1Hidden1Neurons20Movement.pdf>
Package pdftex.def Info: Model/Logistic/user24Timestep1Hidden1Neurons20Movement
.pdf used on input line 491.
(pdftex.def)             Requested size: 225.48038pt x 169.11276pt.

<Model/Logistic/user24Timestep5Hidden1Neurons20Movement.pdf, id=559, 462.52893p
t x 346.89668pt>
File: Model/Logistic/user24Timestep5Hidden1Neurons20Movement.pdf Graphic file (
type pdf)

<use Model/Logistic/user24Timestep5Hidden1Neurons20Movement.pdf>
Package pdftex.def Info: Model/Logistic/user24Timestep5Hidden1Neurons20Movement
.pdf used on input line 498.
(pdftex.def)             Requested size: 225.48038pt x 169.11276pt.

<Model/NN/user24Timestep1Hidden1Neurons20Movement.pdf, id=563, 462.52893pt x 34
6.89668pt>
File: Model/NN/user24Timestep1Hidden1Neurons20Movement.pdf Graphic file (type p
df)
 <use Model/NN/user24Timestep1Hidden1Neurons20Movement.pdf>
Package pdftex.def Info: Model/NN/user24Timestep1Hidden1Neurons20Movement.pdf u
sed on input line 521.
(pdftex.def)             Requested size: 225.48038pt x 169.11276pt.

<Model/NN/user24Timestep5Hidden1Neurons20Movement.pdf, id=566, 462.52893pt x 34
6.89668pt>
File: Model/NN/user24Timestep5Hidden1Neurons20Movement.pdf Graphic file (type p
df)
 <use Model/NN/user24Timestep5Hidden1Neurons20Movement.pdf>
Package pdftex.def Info: Model/NN/user24Timestep5Hidden1Neurons20Movement.pdf u
sed on input line 528.
(pdftex.def)             Requested size: 225.48038pt x 169.11276pt.

<Model/LSTM/user24Timestep1Hidden1Neurons20Movement.pdf, id=573, 462.52893pt x 
346.89668pt>
File: Model/LSTM/user24Timestep1Hidden1Neurons20Movement.pdf Graphic file (type
 pdf)
 <use Model/LSTM/user24Timestep1Hidden1Neurons20Movement.pdf>
Package pdftex.def Info: Model/LSTM/user24Timestep1Hidden1Neurons20Movement.pdf
 used on input line 543.
(pdftex.def)             Requested size: 225.48038pt x 169.11276pt.

<Model/LSTM/user24Timestep5Hidden1Neurons20Movement.pdf, id=576, 462.52893pt x 
346.89668pt>
File: Model/LSTM/user24Timestep5Hidden1Neurons20Movement.pdf Graphic file (type
 pdf)
 <use Model/LSTM/user24Timestep5Hidden1Neurons20Movement.pdf>
Package pdftex.def Info: Model/LSTM/user24Timestep5Hidden1Neurons20Movement.pdf
 used on input line 550.
(pdftex.def)             Requested size: 225.48038pt x 169.11276pt.

[20 <C:/Users/Yannick/Nextcloud/Hec/Master/Memoire/Sujet/V6/Model/Logistic/user
24Timestep1Hidden1Neurons20Movement.pdf> <C:/Users/Yannick/Nextcloud/Hec/Master
/Memoire/Sujet/V6/Model/Logistic/user24Timestep5Hidden1Neurons20Movement.pdf

pdfTeX warning: pdflatex.EXE (file C:/Users/Yannick/Nextcloud/Hec/Master/Memoir
e/Sujet/V6/Model/Logistic/user24Timestep5Hidden1Neurons20Movement.pdf): PDF inc
lusion: multiple pdfs with page group included in a single page
>] [21 <C:/Users/Yannick/Nextcloud/Hec/Master/Memoire/Sujet/V6/Model/NN/user24T
imestep1Hidden1Neurons20Movement.pdf> <C:/Users/Yannick/Nextcloud/Hec/Master/Me
moire/Sujet/V6/Model/NN/user24Timestep5Hidden1Neurons20Movement.pdf

pdfTeX warning: pdflatex.EXE (file C:/Users/Yannick/Nextcloud/Hec/Master/Memoir
e/Sujet/V6/Model/NN/user24Timestep5Hidden1Neurons20Movement.pdf): PDF inclusion
: multiple pdfs with page group included in a single page
> <C:/Users/Yannick/Nextcloud/Hec/Master/Memoire/Sujet/V6/Model/LSTM/user24Time
step1Hidden1Neurons20Movement.pdf

pdfTeX warning: pdflatex.EXE (file C:/Users/Yannick/Nextcloud/Hec/Master/Memoir
e/Sujet/V6/Model/LSTM/user24Timestep1Hidden1Neurons20Movement.pdf): PDF inclusi
on: multiple pdfs with page group included in a single page
> <C:/Users/Yannick/Nextcloud/Hec/Master/Memoire/Sujet/V6/Model/LSTM/user24Time
step5Hidden1Neurons20Movement.pdf

pdfTeX warning: pdflatex.EXE (file C:/Users/Yannick/Nextcloud/Hec/Master/Memoir
e/Sujet/V6/Model/LSTM/user24Timestep5Hidden1Neurons20Movement.pdf): PDF inclusi
on: multiple pdfs with page group included in a single page
>] [22] [23] [24]
<Optimize/Hidden/user4Timestep5Hidden1Neurons50Movement.pdf, id=651, 462.52893p
t x 346.89668pt>
File: Optimize/Hidden/user4Timestep5Hidden1Neurons50Movement.pdf Graphic file (
type pdf)

<use Optimize/Hidden/user4Timestep5Hidden1Neurons50Movement.pdf>
Package pdftex.def Info: Optimize/Hidden/user4Timestep5Hidden1Neurons50Movement
.pdf used on input line 610.
(pdftex.def)             Requested size: 155.02156pt x 116.26535pt.

Overfull \hbox (14.09364pt too wide) in paragraph at lines 610--612
 [][] 
 []


<Optimize/Hidden/user4Timestep5Hidden5Neurons50Movement.pdf, id=652, 481.73978p
t x 361.30486pt>
File: Optimize/Hidden/user4Timestep5Hidden5Neurons50Movement.pdf Graphic file (
type pdf)

<use Optimize/Hidden/user4Timestep5Hidden5Neurons50Movement.pdf>
Package pdftex.def Info: Optimize/Hidden/user4Timestep5Hidden5Neurons50Movement
.pdf used on input line 617.
(pdftex.def)             Requested size: 155.02156pt x 116.26494pt.

Overfull \hbox (14.09364pt too wide) in paragraph at lines 617--619
 [][] 
 []


<Optimize/Hidden/user4Timestep5Hidden10Neurons50Movement.pdf, id=653, 481.73978
pt x 361.30486pt>
File: Optimize/Hidden/user4Timestep5Hidden10Neurons50Movement.pdf Graphic file 
(type pdf)

<use Optimize/Hidden/user4Timestep5Hidden10Neurons50Movement.pdf>
Package pdftex.def Info: Optimize/Hidden/user4Timestep5Hidden10Neurons50Movemen
t.pdf used on input line 624.
(pdftex.def)             Requested size: 155.02156pt x 116.26494pt.

Overfull \hbox (14.09364pt too wide) in paragraph at lines 624--626
 [][] 
 []


<Optimize/Neuron/user4Timestep5Hidden5Neurons10Movement.pdf, id=662, 481.73978p
t x 361.30486pt>
File: Optimize/Neuron/user4Timestep5Hidden5Neurons10Movement.pdf Graphic file (
type pdf)

<use Optimize/Neuron/user4Timestep5Hidden5Neurons10Movement.pdf>
Package pdftex.def Info: Optimize/Neuron/user4Timestep5Hidden5Neurons10Movement
.pdf used on input line 665.
(pdftex.def)             Requested size: 155.02156pt x 116.26494pt.

Overfull \hbox (14.09364pt too wide) in paragraph at lines 665--667
 [][] 
 []


<Optimize/Neuron/user4Timestep5Hidden5Neurons50Movement.pdf, id=663, 481.73978p
t x 361.30486pt>
File: Optimize/Neuron/user4Timestep5Hidden5Neurons50Movement.pdf Graphic file (
type pdf)

<use Optimize/Neuron/user4Timestep5Hidden5Neurons50Movement.pdf>
Package pdftex.def Info: Optimize/Neuron/user4Timestep5Hidden5Neurons50Movement
.pdf used on input line 672.
(pdftex.def)             Requested size: 155.02156pt x 116.26494pt.

Overfull \hbox (14.09364pt too wide) in paragraph at lines 672--674
 [][] 
 []


<Optimize/Neuron/user4Timestep5Hidden5Neurons100Movement.pdf, id=664, 481.73978
pt x 361.30486pt>
File: Optimize/Neuron/user4Timestep5Hidden5Neurons100Movement.pdf Graphic file 
(type pdf)

<use Optimize/Neuron/user4Timestep5Hidden5Neurons100Movement.pdf>
Package pdftex.def Info: Optimize/Neuron/user4Timestep5Hidden5Neurons100Movemen
t.pdf used on input line 679.
(pdftex.def)             Requested size: 155.02156pt x 116.26494pt.

Overfull \hbox (14.09364pt too wide) in paragraph at lines 679--681
 [][] 
 []

[25 <C:/Users/Yannick/Nextcloud/Hec/Master/Memoire/Sujet/V6/Optimize/Hidden/use
r4Timestep5Hidden1Neurons50Movement.pdf> <C:/Users/Yannick/Nextcloud/Hec/Master
/Memoire/Sujet/V6/Optimize/Hidden/user4Timestep5Hidden5Neurons50Movement.pdf

pdfTeX warning: pdflatex.EXE (file C:/Users/Yannick/Nextcloud/Hec/Master/Memoir
e/Sujet/V6/Optimize/Hidden/user4Timestep5Hidden5Neurons50Movement.pdf): PDF inc
lusion: multiple pdfs with page group included in a single page
> <C:/Users/Yannick/Nextcloud/Hec/Master/Memoire/Sujet/V6/Optimize/Hidden/user4
Timestep5Hidden10Neurons50Movement.pdf

pdfTeX warning: pdflatex.EXE (file C:/Users/Yannick/Nextcloud/Hec/Master/Memoir
e/Sujet/V6/Optimize/Hidden/user4Timestep5Hidden10Neurons50Movement.pdf): PDF in
clusion: multiple pdfs with page group included in a single page
>]
<Optimize/Timesteps/user4Timestep1Hidden5Neurons50Movement.pdf, id=694, 481.739
78pt x 361.30486pt>
File: Optimize/Timesteps/user4Timestep1Hidden5Neurons50Movement.pdf Graphic fil
e (type pdf)

<use Optimize/Timesteps/user4Timestep1Hidden5Neurons50Movement.pdf>
Package pdftex.def Info: Optimize/Timesteps/user4Timestep1Hidden5Neurons50Movem
ent.pdf used on input line 715.
(pdftex.def)             Requested size: 155.02156pt x 116.26494pt.

Overfull \hbox (14.09364pt too wide) in paragraph at lines 715--717
 [][] 
 []


<Optimize/Timesteps/user4Timestep5Hidden5Neurons50Movement.pdf, id=695, 481.739
78pt x 361.30486pt>
File: Optimize/Timesteps/user4Timestep5Hidden5Neurons50Movement.pdf Graphic fil
e (type pdf)

<use Optimize/Timesteps/user4Timestep5Hidden5Neurons50Movement.pdf>
Package pdftex.def Info: Optimize/Timesteps/user4Timestep5Hidden5Neurons50Movem
ent.pdf used on input line 722.
(pdftex.def)             Requested size: 155.02156pt x 116.26494pt.

Overfull \hbox (14.09364pt too wide) in paragraph at lines 722--724
 [][] 
 []


<Optimize/Timesteps/user4Timestep10Hidden5Neurons50Movement.pdf, id=696, 481.73
978pt x 361.30486pt>
File: Optimize/Timesteps/user4Timestep10Hidden5Neurons50Movement.pdf Graphic fi
le (type pdf)

<use Optimize/Timesteps/user4Timestep10Hidden5Neurons50Movement.pdf>
Package pdftex.def Info: Optimize/Timesteps/user4Timestep10Hidden5Neurons50Move
ment.pdf used on input line 729.
(pdftex.def)             Requested size: 155.02156pt x 116.26494pt.

Overfull \hbox (14.09364pt too wide) in paragraph at lines 729--731
 [][] 
 []

[26 <C:/Users/Yannick/Nextcloud/Hec/Master/Memoire/Sujet/V6/Optimize/Neuron/use
r4Timestep5Hidden5Neurons10Movement.pdf> <C:/Users/Yannick/Nextcloud/Hec/Master
/Memoire/Sujet/V6/Optimize/Neuron/user4Timestep5Hidden5Neurons50Movement.pdf

pdfTeX warning: pdflatex.EXE (file C:/Users/Yannick/Nextcloud/Hec/Master/Memoir
e/Sujet/V6/Optimize/Neuron/user4Timestep5Hidden5Neurons50Movement.pdf): PDF inc
lusion: multiple pdfs with page group included in a single page
> <C:/Users/Yannick/Nextcloud/Hec/Master/Memoire/Sujet/V6/Optimize/Neuron/user4
Timestep5Hidden5Neurons100Movement.pdf

pdfTeX warning: pdflatex.EXE (file C:/Users/Yannick/Nextcloud/Hec/Master/Memoir
e/Sujet/V6/Optimize/Neuron/user4Timestep5Hidden5Neurons100Movement.pdf): PDF in
clusion: multiple pdfs with page group included in a single page
>] [27 <C:/Users/Yannick/Nextcloud/Hec/Master/Memoire/Sujet/V6/Optimize/Timeste
ps/user4Timestep1Hidden5Neurons50Movement.pdf> <C:/Users/Yannick/Nextcloud/Hec/
Master/Memoire/Sujet/V6/Optimize/Timesteps/user4Timestep5Hidden5Neurons50Moveme
nt.pdf

pdfTeX warning: pdflatex.EXE (file C:/Users/Yannick/Nextcloud/Hec/Master/Memoir
e/Sujet/V6/Optimize/Timesteps/user4Timestep5Hidden5Neurons50Movement.pdf): PDF 
inclusion: multiple pdfs with page group included in a single page
> <C:/Users/Yannick/Nextcloud/Hec/Master/Memoire/Sujet/V6/Optimize/Timesteps/us
er4Timestep10Hidden5Neurons50Movement.pdf

pdfTeX warning: pdflatex.EXE (file C:/Users/Yannick/Nextcloud/Hec/Master/Memoir
e/Sujet/V6/Optimize/Timesteps/user4Timestep10Hidden5Neurons50Movement.pdf): PDF
 inclusion: multiple pdfs with page group included in a single page
>] [28] <Generate/Random.pdf, id=761, 481.73978pt x 358.29396pt>
File: Generate/Random.pdf Graphic file (type pdf)

<use Generate/Random.pdf>
Package pdftex.def Info: Generate/Random.pdf used on input line 803.
(pdftex.def)             Requested size: 155.02156pt x 115.29605pt.

Overfull \hbox (14.09364pt too wide) in paragraph at lines 803--805
 [][] 
 []

<Generate/Normal.pdf, id=762, 481.73978pt x 358.29396pt>
File: Generate/Normal.pdf Graphic file (type pdf)

<use Generate/Normal.pdf>
Package pdftex.def Info: Generate/Normal.pdf used on input line 810.
(pdftex.def)             Requested size: 155.02156pt x 115.29605pt.

Overfull \hbox (14.09364pt too wide) in paragraph at lines 810--812
 [][] 
 []

<Generate/Choice.pdf, id=763, 481.73978pt x 358.29396pt>
File: Generate/Choice.pdf Graphic file (type pdf)

<use Generate/Choice.pdf>
Package pdftex.def Info: Generate/Choice.pdf used on input line 817.
(pdftex.def)             Requested size: 155.02156pt x 115.29605pt.

Overfull \hbox (14.09364pt too wide) in paragraph at lines 817--819
 [][] 
 []

[29] <Generate/H5N50T5/user109Random.pdf, id=772, 481.73978pt x 361.30486pt>
File: Generate/H5N50T5/user109Random.pdf Graphic file (type pdf)

<use Generate/H5N50T5/user109Random.pdf>
Package pdftex.def Info: Generate/H5N50T5/user109Random.pdf used on input line 
831.
(pdftex.def)             Requested size: 155.02156pt x 116.26494pt.

Overfull \hbox (14.09364pt too wide) in paragraph at lines 831--833
 [][] 
 []

<Generate/H5N50T5/user109Normal.pdf, id=773, 481.73978pt x 361.30486pt>
File: Generate/H5N50T5/user109Normal.pdf Graphic file (type pdf)

<use Generate/H5N50T5/user109Normal.pdf>
Package pdftex.def Info: Generate/H5N50T5/user109Normal.pdf used on input line 
838.
(pdftex.def)             Requested size: 155.02156pt x 116.26494pt.

Overfull \hbox (14.09364pt too wide) in paragraph at lines 838--840
 [][] 
 []

<Generate/H5N50T5/user109Choice.pdf, id=774, 481.73978pt x 361.30486pt>
File: Generate/H5N50T5/user109Choice.pdf Graphic file (type pdf)

<use Generate/H5N50T5/user109Choice.pdf>
Package pdftex.def Info: Generate/H5N50T5/user109Choice.pdf used on input line 
845.
(pdftex.def)             Requested size: 155.02156pt x 116.26494pt.

Overfull \hbox (14.09364pt too wide) in paragraph at lines 845--847
 [][] 
 []

[30 <C:/Users/Yannick/Nextcloud/Hec/Master/Memoire/Sujet/V6/Generate/Random.pdf
> <C:/Users/Yannick/Nextcloud/Hec/Master/Memoire/Sujet/V6/Generate/Normal.pdf

pdfTeX warning: pdflatex.EXE (file C:/Users/Yannick/Nextcloud/Hec/Master/Memoir
e/Sujet/V6/Generate/Normal.pdf): PDF inclusion: multiple pdfs with page group i
ncluded in a single page
> <C:/Users/Yannick/Nextcloud/Hec/Master/Memoire/Sujet/V6/Generate/Choice.pdf

pdfTeX warning: pdflatex.EXE (file C:/Users/Yannick/Nextcloud/Hec/Master/Memoir
e/Sujet/V6/Generate/Choice.pdf): PDF inclusion: multiple pdfs with page group i
ncluded in a single page
> <C:/Users/Yannick/Nextcloud/Hec/Master/Memoire/Sujet/V6/Generate/H5N50T5/user
109Random.pdf

pdfTeX warning: pdflatex.EXE (file C:/Users/Yannick/Nextcloud/Hec/Master/Memoir
e/Sujet/V6/Generate/H5N50T5/user109Random.pdf): PDF inclusion: multiple pdfs wi
th page group included in a single page
> <C:/Users/Yannick/Nextcloud/Hec/Master/Memoire/Sujet/V6/Generate/H5N50T5/user
109Normal.pdf

pdfTeX warning: pdflatex.EXE (file C:/Users/Yannick/Nextcloud/Hec/Master/Memoir
e/Sujet/V6/Generate/H5N50T5/user109Normal.pdf): PDF inclusion: multiple pdfs wi
th page group included in a single page
> <C:/Users/Yannick/Nextcloud/Hec/Master/Memoire/Sujet/V6/Generate/H5N50T5/user
109Choice.pdf

pdfTeX warning: pdflatex.EXE (file C:/Users/Yannick/Nextcloud/Hec/Master/Memoir
e/Sujet/V6/Generate/H5N50T5/user109Choice.pdf): PDF inclusion: multiple pdfs wi
th page group included in a single page
>]
File: Generate/H5N50T5/user109Normal.pdf Graphic file (type pdf)
 <use Generate/H5N50T5/user109Normal.pdf>
Package pdftex.def Info: Generate/H5N50T5/user109Normal.pdf used on input line 
858.
(pdftex.def)             Requested size: 225.48038pt x 169.10762pt.
File: Generate/H5N50T5/user109Choice.pdf Graphic file (type pdf)

<use Generate/H5N50T5/user109Choice.pdf>
Package pdftex.def Info: Generate/H5N50T5/user109Choice.pdf used on input line 
865.
(pdftex.def)             Requested size: 225.48038pt x 169.10762pt.

<Generate/H5N50T5/user109Normal2.pdf, id=827, 481.73978pt x 361.30486pt>
File: Generate/H5N50T5/user109Normal2.pdf Graphic file (type pdf)

<use Generate/H5N50T5/user109Normal2.pdf>
Package pdftex.def Info: Generate/H5N50T5/user109Normal2.pdf used on input line
 898.
(pdftex.def)             Requested size: 225.48038pt x 169.10762pt.

<Generate/H5N50T5/user109Choice2.pdf, id=828, 481.73978pt x 361.30486pt>
File: Generate/H5N50T5/user109Choice2.pdf Graphic file (type pdf)

<use Generate/H5N50T5/user109Choice2.pdf>
Package pdftex.def Info: Generate/H5N50T5/user109Choice2.pdf used on input line
 905.
(pdftex.def)             Requested size: 225.48038pt x 169.10762pt.
 [31] [32 <C:/Users/Yannick/Nextcloud/Hec/Master/Memoire/Sujet/V6/Generate/H5N5
0T5/user109Normal2.pdf> <C:/Users/Yannick/Nextcloud/Hec/Master/Memoire/Sujet/V6
/Generate/H5N50T5/user109Choice2.pdf

pdfTeX warning: pdflatex.EXE (file C:/Users/Yannick/Nextcloud/Hec/Master/Memoir
e/Sujet/V6/Generate/H5N50T5/user109Choice2.pdf): PDF inclusion: multiple pdfs w
ith page group included in a single page
>] [33] [34] [35]
(C:\Users\Yannick\Nextcloud\Hec\Master\Memoire\Sujet\V6\sujet.bbl
Underfull \hbox (badness 3568) in paragraph at lines 85--91
[]\T1/cmr/m/n/10 Sebastian Raschka.  What is the role of the ac-ti-va-tion func
-tion in a neu-ral net-work?
 []


Overfull \hbox (8.42934pt too wide) in paragraph at lines 93--98
[]\T1/cmr/m/n/10 Scipy.  Numpy.unique.  https://docs.scipy.org/doc/numpy-1.13.0
/reference/generated/numpy.unique.html.
 []


Overfull \hbox (17.09389pt too wide) in paragraph at lines 100--105
[]\T1/cmr/m/n/10 Scipy.  scipy.stats.pearsonr.  https://docs.scipy.org/doc/scip
y/reference/generated/scipy.stats.pearsonr.html.
 []


Underfull \hbox (badness 10000) in paragraph at lines 107--112
[]\T1/cmr/m/n/10 Angela L. Swaf-ford.  Lo-gis-tic pop-u-la-tion growth: Equa-ti
on, def-i-ni-tion & graph.
 []


Underfull \hbox (badness 1424) in paragraph at lines 107--112
\T1/cmr/m/n/10 https://study.com/academy/lesson/logistic-population-growth-equa
tion-definition-graph.html.  Con-
 []

[36]
Underfull \hbox (badness 3568) in paragraph at lines 145--150
[]\T1/cmr/m/n/10 Chris Wood-ford.  Neu-ral net-works.  http://www.explainthatst
uff.com/introduction-to-neural-
 []

) [37] (C:\Users\Yannick\Nextcloud\Hec\Master\Memoire\Sujet\V6\sujet.lof
[38])
\tf@lof=\write6
 [39] (C:\Users\Yannick\Nextcloud\Hec\Master\Memoire\Sujet\V6\sujet.lot)
\tf@lot=\write7

[40]

Package hyperref Warning: Token not allowed in a PDF string (PDFDocEncoding):
(hyperref)                removing `\\' on input line 984.

LaTeX Font Info:    Try loading font information for T1+cmtt on input line 990.

("C:\Program Files (x86)\MiKTeX 2.9\tex\latex\base\t1cmtt.fd"
File: t1cmtt.fd 1999/05/25 v2.5h Standard LaTeX font definitions
)

AED: lastpage setting LastPage

Package Fancyhdr Warning: \headheight is too small (12.0pt): 
 Make it at least 22.50113pt.
 We now make it that large for the rest of the document.
 This may cause the page layout to be inconsistent, however.

[41

]
Package atveryend Info: Empty hook `BeforeClearDocument' on input line 994.
Package atveryend Info: Empty hook `AfterLastShipout' on input line 994.
 (C:\Users\Yannick\Nextcloud\Hec\Master\Memoire\Sujet\V6\sujet.aux)
Package atveryend Info: Executing hook `AtVeryEndDocument' on input line 994.
Package atveryend Info: Executing hook `AtEndAfterFileList' on input line 994.
Package rerunfilecheck Info: File `sujet.out' has not changed.
(rerunfilecheck)             Checksum: 9152D9B2D4A6DBC2C99D750058BEFAF2;2646.
Package atveryend Info: Empty hook `AtVeryVeryEnd' on input line 994.
 ) 
Here is how much of TeX's memory you used:
 17592 strings out of 493921
 307960 string characters out of 3144870
 502319 words of memory out of 3000000
 20350 multiletter control sequences out of 15000+200000
 20012 words of font info for 45 fonts, out of 3000000 for 9000
 841 hyphenation exceptions out of 8191
 56i,12n,55p,1838b,547s stack positions out of 5000i,500n,10000p,200000b,50000s
pdfTeX warning (dest): name{Hfootnote.1} has been referenced but does not exi
st, replaced by a fixed one

 <C:\Users\Yannick\AppData\Local\MiKTeX\2.9\fonts\pk\ljfour\jknappen\ec\dpi600\
ectt0800.pk> <C:\Users\Yannick\AppData\Local\MiKTeX\2.9\fonts\pk\ljfour\jknappe
n\ec\dpi600\ecrm0800.pk> <C:\Users\Yannick\AppData\Local\MiKTeX\2.9\fonts\pk\lj
four\jknappen\ec\dpi600\ecrm0600.pk> <C:\Users\Yannick\AppData\Local\MiKTeX\2.9
\fonts\pk\ljfour\jknappen\ec\dpi600\ecrm0700.pk> <C:\Users\Yannick\AppData\Loca
l\MiKTeX\2.9\fonts\pk\ljfour\jknappen\ec\dpi600\ecbx1200.pk> <C:\Users\Yannick\
AppData\Local\MiKTeX\2.9\fonts\pk\ljfour\jknappen\ec\dpi600\ecti1000.pk> <C:\Us
ers\Yannick\AppData\Local\MiKTeX\2.9\fonts\pk\ljfour\jknappen\ec\dpi600\ecbx144
0.pk> <C:\Users\Yannick\AppData\Local\MiKTeX\2.9\fonts\pk\ljfour\jknappen\ec\dp
i600\ecbx1000.pk> <C:\Users\Yannick\AppData\Local\MiKTeX\2.9\fonts\pk\ljfour\jk
nappen\ec\dpi600\ecsl1000.pk> <C:\Users\Yannick\AppData\Local\MiKTeX\2.9\fonts\
pk\ljfour\jknappen\ec\dpi600\ecrm0900.pk> <C:\Users\Yannick\AppData\Local\MiKTe
X\2.9\fonts\pk\ljfour\jknappen\ec\dpi600\ecbx0900.pk> <C:\Users\Yannick\AppData
\Local\MiKTeX\2.9\fonts\pk\ljfour\jknappen\ec\dpi600\ecrm1000.pk> <C:\Users\Yan
nick\AppData\Local\MiKTeX\2.9\fonts\pk\ljfour\jknappen\ec\dpi600\ecrm1200.pk> <
C:\Users\Yannick\AppData\Local\MiKTeX\2.9\fonts\pk\ljfour\jknappen\ec\dpi600\ec
ti1200.pk> <C:\Users\Yannick\AppData\Local\MiKTeX\2.9\fonts\pk\ljfour\jknappen\
ec\dpi600\ecbx1728.pk> <C:\Users\Yannick\AppData\Local\MiKTeX\2.9\fonts\pk\ljfo
ur\jknappen\ec\dpi600\ecrm1728.pk><C:/Program Files (x86)/MiKTeX 2.9/fonts/type
1/public/amsfonts/cm/cmmi10.pfb><C:/Program Files (x86)/MiKTeX 2.9/fonts/type1/
public/amsfonts/cm/cmmi7.pfb><C:/Program Files (x86)/MiKTeX 2.9/fonts/type1/pub
lic/amsfonts/cm/cmr10.pfb><C:/Program Files (x86)/MiKTeX 2.9/fonts/type1/public
/amsfonts/cm/cmr7.pfb><C:/Program Files (x86)/MiKTeX 2.9/fonts/type1/public/ams
fonts/cm/cmsy10.pfb><C:/Program Files (x86)/MiKTeX 2.9/fonts/type1/public/amsfo
nts/cm/cmsy7.pfb>
Output written on sujet.pdf (42 pages, 3116105 bytes).
PDF statistics:
 1599 PDF objects out of 1728 (max. 8388607)
 153 named destinations out of 1000 (max. 500000)
 565 words of extra memory for PDF output out of 10000 (max. 10000000)

