\BOOKMARK [1][-]{section*.3}{Acknowledgements}{}% 1
\BOOKMARK [1][-]{section.1}{Introduction}{}% 2
\BOOKMARK [1][-]{section.2}{Motivation}{}% 3
\BOOKMARK [1][-]{section.3}{Background}{}% 4
\BOOKMARK [2][-]{section*.4}{Machine Learning}{section.3}% 5
\BOOKMARK [3][-]{section*.5}{Linear Regression}{section*.4}% 6
\BOOKMARK [3][-]{section*.7}{Logistic Regression}{section*.4}% 7
\BOOKMARK [3][-]{section*.9}{Neural Network}{section*.4}% 8
\BOOKMARK [3][-]{section*.11}{Recurrent Neural Network}{section*.4}% 9
\BOOKMARK [3][-]{section*.13}{Recurrent Neural Network - Long Short-term Memory}{section*.4}% 10
\BOOKMARK [2][-]{section*.15}{Tensorflow}{section.3}% 11
\BOOKMARK [2][-]{section*.17}{Cesium}{section.3}% 12
\BOOKMARK [2][-]{section*.19}{Dataset}{section.3}% 13
\BOOKMARK [1][-]{section.4}{Related Work}{}% 14
\BOOKMARK [1][-]{section.5}{Methodology}{}% 15
\BOOKMARK [2][-]{section*.21}{Prediction}{section.5}% 16
\BOOKMARK [2][-]{section*.22}{Optimization}{section.5}% 17
\BOOKMARK [2][-]{section*.23}{Generation}{section.5}% 18
\BOOKMARK [1][-]{section.6}{Prediction}{}% 19
\BOOKMARK [2][-]{section*.24}{Data Pre-processing}{section.6}% 20
\BOOKMARK [2][-]{section*.25}{Prediction Performance}{section.6}% 21
\BOOKMARK [3][-]{section*.26}{Linear Regression}{section*.25}% 22
\BOOKMARK [3][-]{section*.29}{Logistic Regression}{section*.25}% 23
\BOOKMARK [3][-]{section*.31}{Neural Network}{section*.25}% 24
\BOOKMARK [3][-]{section*.34}{Recurrent Neural Netwok - Long Short-term Memory}{section*.25}% 25
\BOOKMARK [2][-]{section*.36}{Overview and Comparison}{section.6}% 26
\BOOKMARK [1][-]{section.7}{Optimization}{}% 27
\BOOKMARK [2][-]{section*.37}{Hyperparameter Tuning}{section.7}% 28
\BOOKMARK [3][-]{section*.39}{Hidden layer\(s\)}{section*.37}% 29
\BOOKMARK [3][-]{section*.42}{Neurons}{section*.37}% 30
\BOOKMARK [3][-]{section*.45}{Timesteps}{section*.37}% 31
\BOOKMARK [2][-]{section*.48}{Overview and Observation}{section.7}% 32
\BOOKMARK [1][-]{section.8}{Generation}{}% 33
\BOOKMARK [2][-]{section*.50}{Random Generator}{section.8}% 34
\BOOKMARK [2][-]{section*.51}{Best Probability Generator}{section.8}% 35
\BOOKMARK [2][-]{section*.52}{Random Choice Probability Generator}{section.8}% 36
\BOOKMARK [2][-]{section*.54}{Performance and Comparison}{section.8}% 37
\BOOKMARK [1][-]{section.9}{Discussion}{}% 38
\BOOKMARK [1][-]{section.10}{Conclusion}{}% 39
\BOOKMARK [1][-]{section.11}{References}{}% 40
\BOOKMARK [1][-]{section*.60}{List of Figures}{}% 41
\BOOKMARK [1][-]{section*.61}{List of Tables}{}% 42
\BOOKMARK [1][-]{appendix.A}{Software, libraries and tools used}{}% 43
